<?xml version="1.0" encoding="UTF-8" ?>
<testsuite tests="7" failures="3" name="TestSuite" time="27.199" errors="0" skipped="0">
  <properties>
[...]
</properties>
  <testcase classname="com.course.cases.LoginTest" name="loginTrue" time="0.774"/>
  <testcase classname="com.course.cases.LoginTest" name="loginFalse" time="0.041"/>
  <testcase classname="com.course.cases.AddUserTest" name="addUser" time="5.066"/>
  <testcase classname="com.course.cases.GetUserInfoTest" name="getUserInfo" time="0.052"/>
  <testcase classname="com.course.cases.UpdateUserInfoTest" name="updateUserInfo" time="10.038">
    <failure message="
### Error querying database.  Cause: java.lang.IllegalArgumentException: Mapped Statements collection does not contain value for null
### Cause: java.lang.IllegalArgumentException: Mapped Statements collection does not contain value for null" type="org.apache.ibatis.exceptions.PersistenceException">org.apache.ibatis.exceptions.PersistenceException: 
### Error querying database.  Cause: java.lang.IllegalArgumentException: Mapped Statements collection does not contain value for null
### Cause: java.lang.IllegalArgumentException: Mapped Statements collection does not contain value for null
	at org.apache.ibatis.exceptions.ExceptionFactory.wrapException(ExceptionFactory.java:30)
	at org.apache.ibatis.session.defaults.DefaultSqlSession.selectList(DefaultSqlSession.java:150)
	at org.apache.ibatis.session.defaults.DefaultSqlSession.selectList(DefaultSqlSession.java:141)
	at org.apache.ibatis.session.defaults.DefaultSqlSession.selectOne(DefaultSqlSession.java:77)
	at com.course.cases.UpdateUserInfoTest.updateUserInfo(UpdateUserInfoTest.java:28)
Caused by: java.lang.IllegalArgumentException: Mapped Statements collection does not contain value for null
	at org.apache.ibatis.session.Configuration$StrictMap.get(Configuration.java:875)
	at org.apache.ibatis.session.Configuration.getMappedStatement(Configuration.java:708)
	at org.apache.ibatis.session.Configuration.getMappedStatement(Configuration.java:701)
	at org.apache.ibatis.session.defaults.DefaultSqlSession.selectList(DefaultSqlSession.java:147)
	... 37 more
</failure>
    <system-out>UpdateUserInfoCase(id=1, userId=2, userName=hah, sex=null, age=null, permission=null, isDelete=null, expected=null)
http://localhost:8833/v1/updateUserInfo
</system-out>
  </testcase>
  <testcase classname="com.course.cases.UpdateUserInfoTest" name="deleteUser" time="10.062">
    <failure message="For input string: &quot;{&quot;timestamp&quot;:1560525476198,&quot;status&quot;:500,&quot;error&quot;:&quot;Internal Server Error&quot;,&quot;exception&quot;:&quot;org.springframework.jdbc.BadSqlGrammarException&quot;,&quot;message&quot;:&quot;\n### Error updating database.  Cause: java.sql.SQLSyntaxErrorException: You have an error in your SQL syntax; check the manual that corresponds to your MySQL server version for the right syntax to use near &apos;where id = 8&apos; at line 3\n### The error may involve com.course.updateUserInfo-Inline\n### The error occurred while setting parameters\n### SQL: update user                    where id = ?\n### Cause: java.sql.SQLSyntaxErrorException: You have an error in your SQL syntax; check the manual that corresponds to your MySQL server version for the right syntax to use near &apos;where id = 8&apos; at line 3\n; bad SQL grammar []; nested exception is java.sql.SQLSyntaxErrorException: You have an error in your SQL syntax; check the manual that corresponds to your MySQL server version for the right syntax to use near &apos;where id = 8&apos; at line 3&quot;,&quot;path&quot;:&quot;/v1/updateUserInfo&quot;}&quot;" type="java.lang.NumberFormatException">java.lang.NumberFormatException: For input string: &quot;{&quot;timestamp&quot;:1560525476198,&quot;status&quot;:500,&quot;error&quot;:&quot;Internal Server Error&quot;,&quot;exception&quot;:&quot;org.springframework.jdbc.BadSqlGrammarException&quot;,&quot;message&quot;:&quot;\n### Error updating database.  Cause: java.sql.SQLSyntaxErrorException: You have an error in your SQL syntax; check the manual that corresponds to your MySQL server version for the right syntax to use near &apos;where id = 8&apos; at line 3\n### The error may involve com.course.updateUserInfo-Inline\n### The error occurred while setting parameters\n### SQL: update user                    where id = ?\n### Cause: java.sql.SQLSyntaxErrorException: You have an error in your SQL syntax; check the manual that corresponds to your MySQL server version for the right syntax to use near &apos;where id = 8&apos; at line 3\n; bad SQL grammar []; nested exception is java.sql.SQLSyntaxErrorException: You have an error in your SQL syntax; check the manual that corresponds to your MySQL server version for the right syntax to use near &apos;where id = 8&apos; at line 3&quot;,&quot;path&quot;:&quot;/v1/updateUserInfo&quot;}&quot;
	at java.lang.NumberFormatException.forInputString(NumberFormatException.java:65)
	at java.lang.Integer.parseInt(Integer.java:580)
	at java.lang.Integer.parseInt(Integer.java:615)
	at com.course.cases.UpdateUserInfoTest.getResult(UpdateUserInfoTest.java:73)
	at com.course.cases.UpdateUserInfoTest.deleteUser(UpdateUserInfoTest.java:44)
</failure>
    <system-out>UpdateUserInfoCase(id=2, userId=8, userName=null, sex=null, age=null, permission=null, isDelete=null, expected=null)
http://localhost:8833/v1/updateUserInfo
</system-out>
  </testcase>
  <testcase classname="com.course.cases.GetUserInfoListTest" name="getUserListInfo" time="0.067">
    <failure message="expected [{&quot;password&quot;:&quot;zhaozhao&quot;,&quot;sex&quot;:&quot;0&quot;,&quot;permission&quot;:&quot;1&quot;,&quot;id&quot;:8,&quot;userName&quot;:&quot;zhao9&quot;,&quot;age&quot;:&quot;35&quot;}] but found [{&quot;password&quot;:&quot;zhaozhao&quot;,&quot;isDelete&quot;:null,&quot;sex&quot;:&quot;0&quot;,&quot;permission&quot;:&quot;1&quot;,&quot;id&quot;:8,&quot;userName&quot;:&quot;zhao9&quot;,&quot;age&quot;:&quot;35&quot;}]" type="java.lang.AssertionError">java.lang.AssertionError: expected [{&quot;password&quot;:&quot;zhaozhao&quot;,&quot;sex&quot;:&quot;0&quot;,&quot;permission&quot;:&quot;1&quot;,&quot;id&quot;:8,&quot;userName&quot;:&quot;zhao9&quot;,&quot;age&quot;:&quot;35&quot;}] but found [{&quot;password&quot;:&quot;zhaozhao&quot;,&quot;isDelete&quot;:null,&quot;sex&quot;:&quot;0&quot;,&quot;permission&quot;:&quot;1&quot;,&quot;id&quot;:8,&quot;userName&quot;:&quot;zhao9&quot;,&quot;age&quot;:&quot;35&quot;}]
	at org.testng.Assert.fail(Assert.java:94)
	at org.testng.Assert.failNotEquals(Assert.java:513)
	at org.testng.Assert.assertEqualsImpl(Assert.java:135)
	at org.testng.Assert.assertEquals(Assert.java:116)
	at org.testng.Assert.assertEquals(Assert.java:190)
	at org.testng.Assert.assertEquals(Assert.java:200)
	at com.course.cases.GetUserInfoListTest.getUserListInfo(GetUserInfoListTest.java:43)
</failure>
    <system-out>GetUserListCase(userName=null, age=null, sex=0, expected=getUserList)
http://localhost:8833/v1/getUserInfo
获取的user：{id:1,userName:zhangsan,password:123456,age:20,sex:0,permission:0,isDelete:0}
获取的user：{id:3,userName:wangwu,password:123456,age:30,sex:0,permission:1,isDelete:0}
获取的user：{id:5,userName:zhang1,password:123,age:20,sex:0,permission:0,isDelete:0}
获取的user：{id:8,userName:zhao9,password:zhaozhao,age:35,sex:0,permission:1,isDelete:null}
获取的user：{id:9,userName:zhao9,password:zhaozhao,age:35,sex:0,permission:1,isDelete:null}
获取的user：{id:10,userName:zhao9,password:zhaozhao,age:35,sex:0,permission:1,isDelete:null}
获取的user：{id:11,userName:zhao9,password:zhaozhao,age:35,sex:0,permission:1,isDelete:null}
获取的user：{id:12,userName:zhao9,password:zhaozhao,age:35,sex:0,permission:1,isDelete:null}
获取的user：{id:13,userName:zhao9,password:zhaozhao,age:35,sex:0,permission:1,isDelete:null}
获取的user：{id:14,userName:zhao9,password:zhaozhao,age:35,sex:0,permission:1,isDelete:null}
获取的user：{id:15,userName:zhao9,password:zhaozhao,age:35,sex:0,permission:1,isDelete:null}
获取的user：{id:17,userName:zhao9,password:zhaozhao,age:35,sex:0,permission:1,isDelete:null}
获取的user：{id:18,userName:zhao9,password:zhaozhao,age:35,sex:0,permission:1,isDelete:null}
获取的user：{id:19,userName:zhao9,password:zhaozhao,age:35,sex:0,permission:1,isDelete:null}
获取的user：{id:20,userName:zhao9,password:zhaozhao,age:35,sex:0,permission:1,isDelete:null}
获取的user：{id:21,userName:zhao9,password:zhaozhao,age:35,sex:0,permission:1,isDelete:null}
</system-out>
  </testcase>
</testsuite>